<?xml version="1.0" encoding="UTF-8"?>
<!-- Generated by org.testng.reporters.JUnitXMLReporter -->
<testsuite ignored="2" hostname="DESKTOP-F6BTIEU" failures="0" tests="2" name="Test" time="11.356" errors="0" timestamp="2023-02-28T17:44:28 IST">
  <testcase classname="testcases.Login" name="LoginTest1" time="1.672"/>
  <testcase classname="testcases.Login" name="Test2" time="0.997"/>
  <testcase classname="base.BeseTest" name="@AfterTest exportReport" time="0.0">
    <ignored/>
  </testcase> <!-- @AfterTest exportReport -->
  <testcase classname="base.BeseTest" name="@BeforeTest setUpReport" time="0.0">
    <ignored/>
  </testcase> <!-- @BeforeTest setUpReport -->
</testsuite> <!-- Test -->
