<?xml version="1.0" encoding="UTF-8"?>
<testng-results ignored="0" total="1" passed="1" failed="0" skipped="0">
  <reporter-output>
  </reporter-output>
  <suite started-at="2023-03-04T18:43:24 IST" name="Default suite" finished-at="2023-03-04T18:45:47 IST" duration-ms="143136">
    <groups>
    </groups>
    <test started-at="2023-03-04T18:43:24 IST" name="Default test" finished-at="2023-03-04T18:45:47 IST" duration-ms="143136">
      <class name="base.TestController">
        <test-method is-config="true" signature="setUpReport()[pri:0, instance:base.TestController@5b1669c0]" started-at="2023-03-04T18:43:24 IST" name="setUpReport" finished-at="2023-03-04T18:43:24 IST" duration-ms="603" status="PASS">
          <reporter-output>
          </reporter-output>
        </test-method> <!-- setUpReport -->
        <test-method signature="test()[pri:0, instance:base.TestController@5b1669c0]" started-at="2023-03-04T18:43:24 IST" name="test" finished-at="2023-03-04T18:45:46 IST" duration-ms="141309" status="PASS">
          <reporter-output>
          </reporter-output>
        </test-method> <!-- test -->
        <test-method is-config="true" signature="exportReport()[pri:0, instance:base.TestController@5b1669c0]" started-at="2023-03-04T18:45:46 IST" name="exportReport" finished-at="2023-03-04T18:45:47 IST" duration-ms="1152" status="PASS">
          <reporter-output>
          </reporter-output>
        </test-method> <!-- exportReport -->
      </class> <!-- base.TestController -->
    </test> <!-- Default test -->
  </suite> <!-- Default suite -->
</testng-results>
